This is pdfTeX, Version 3.1415926-2.5-1.40.14 (MiKTeX 2.9 64-bit) (preloaded format=pdflatex 2015.3.21)  16 APR 2015 14:11
entering extended mode
**main.tex
("C:\Users\Sifat\latex\Possible Research Topics\main.tex"
LaTeX2e <2011/06/27>
Babel <v3.8m> and hyphenation patterns for english, afrikaans, ancientgreek, ar
abic, armenian, assamese, basque, bengali, bokmal, bulgarian, catalan, coptic, 
croatian, czech, danish, dutch, esperanto, estonian, farsi, finnish, french, ga
lician, german, german-x-2013-05-26, greek, gujarati, hindi, hungarian, iceland
ic, indonesian, interlingua, irish, italian, kannada, kurmanji, latin, latvian,
 lithuanian, malayalam, marathi, mongolian, mongolianlmc, monogreek, ngerman, n
german-x-2013-05-26, nynorsk, oriya, panjabi, pinyin, polish, portuguese, roman
ian, russian, sanskrit, serbian, slovak, slovenian, spanish, swedish, swissgerm
an, tamil, telugu, turkish, turkmen, ukenglish, ukrainian, uppersorbian, usengl
ishmax, welsh, loaded.
("C:\Program Files\MiKTeX 2.9\tex\latex\base\article.cls"
Document Class: article 2007/10/19 v1.4h Standard LaTeX document class
("C:\Program Files\MiKTeX 2.9\tex\latex\base\size10.clo"
File: size10.clo 2007/10/19 v1.4h Standard LaTeX file (size option)
)
\c@part=\count79
\c@section=\count80
\c@subsection=\count81
\c@subsubsection=\count82
\c@paragraph=\count83
\c@subparagraph=\count84
\c@figure=\count85
\c@table=\count86
\abovecaptionskip=\skip41
\belowcaptionskip=\skip42
\bibindent=\dimen102
)
("C:\Program Files\MiKTeX 2.9\tex\latex\url\url.sty"
\Urlmuskip=\muskip10
Package: url 2013/09/16  ver 3.4  Verb mode for urls, etc.
)
("C:\Program Files\MiKTeX 2.9\tex\latex\listings\listings.sty"
("C:\Program Files\MiKTeX 2.9\tex\latex\graphics\keyval.sty"
Package: keyval 1999/03/16 v1.13 key=value parser (DPC)
\KV@toks@=\toks14
)
\lst@mode=\count87
\lst@gtempboxa=\box26
\lst@token=\toks15
\lst@length=\count88
\lst@currlwidth=\dimen103
\lst@column=\count89
\lst@pos=\count90
\lst@lostspace=\dimen104
\lst@width=\dimen105
\lst@newlines=\count91
\lst@lineno=\count92
\lst@maxwidth=\dimen106

("C:\Program Files\MiKTeX 2.9\tex\latex\listings\lstmisc.sty"
File: lstmisc.sty 2014/09/06 1.5e (Carsten Heinz)
\c@lstnumber=\count93
\lst@skipnumbers=\count94
\lst@framebox=\box27
)
("C:\Program Files\MiKTeX 2.9\tex\latex\listings\listings.cfg"
File: listings.cfg 2014/09/06 1.5e listings configuration
))
Package: listings 2014/09/06 1.5e (Carsten Heinz)

("C:\Program Files\MiKTeX 2.9\tex\latex\graphics\graphicx.sty"
Package: graphicx 1999/02/16 v1.0f Enhanced LaTeX Graphics (DPC,SPQR)

("C:\Program Files\MiKTeX 2.9\tex\latex\graphics\graphics.sty"
Package: graphics 2009/02/05 v1.0o Standard LaTeX Graphics (DPC,SPQR)

("C:\Program Files\MiKTeX 2.9\tex\latex\graphics\trig.sty"
Package: trig 1999/03/16 v1.09 sin cos tan (DPC)
)
("C:\Program Files\MiKTeX 2.9\tex\latex\00miktex\graphics.cfg"
File: graphics.cfg 2007/01/18 v1.5 graphics configuration of teTeX/TeXLive
)
Package graphics Info: Driver file: pdftex.def on input line 91.

("C:\Program Files\MiKTeX 2.9\tex\latex\pdftex-def\pdftex.def"
File: pdftex.def 2011/05/27 v0.06d Graphics/color for pdfTeX

("C:\Program Files\MiKTeX 2.9\tex\generic\oberdiek\infwarerr.sty"
Package: infwarerr 2010/04/08 v1.3 Providing info/warning/error messages (HO)
)
("C:\Program Files\MiKTeX 2.9\tex\generic\oberdiek\ltxcmds.sty"
Package: ltxcmds 2011/11/09 v1.22 LaTeX kernel commands for general use (HO)
)
\Gread@gobject=\count95
))
\Gin@req@height=\dimen107
\Gin@req@width=\dimen108
)
("C:\Program Files\MiKTeX 2.9\tex\latex\hyperref\hyperref.sty"
Package: hyperref 2012/11/06 v6.83m Hypertext links for LaTeX

("C:\Program Files\MiKTeX 2.9\tex\generic\oberdiek\hobsub-hyperref.sty"
Package: hobsub-hyperref 2012/04/25 v1.12 Bundle oberdiek, subset hyperref (HO)


("C:\Program Files\MiKTeX 2.9\tex\generic\oberdiek\hobsub-generic.sty"
Package: hobsub-generic 2012/04/25 v1.12 Bundle oberdiek, subset generic (HO)
Package: hobsub 2012/04/25 v1.12 Construct package bundles (HO)
Package hobsub Info: Skipping package `infwarerr' (already loaded).
Package hobsub Info: Skipping package `ltxcmds' (already loaded).
Package: ifluatex 2010/03/01 v1.3 Provides the ifluatex switch (HO)
Package ifluatex Info: LuaTeX not detected.
Package: ifvtex 2010/03/01 v1.5 Detect VTeX and its facilities (HO)
Package ifvtex Info: VTeX not detected.
Package: intcalc 2007/09/27 v1.1 Expandable calculations with integers (HO)
Package: ifpdf 2011/01/30 v2.3 Provides the ifpdf switch (HO)
Package ifpdf Info: pdfTeX in PDF mode is detected.
Package: etexcmds 2011/02/16 v1.5 Avoid name clashes with e-TeX commands (HO)
Package etexcmds Info: Could not find \expanded.
(etexcmds)             That can mean that you are not using pdfTeX 1.50 or
(etexcmds)             that some package has redefined \expanded.
(etexcmds)             In the latter case, load this package earlier.
Package: kvsetkeys 2012/04/25 v1.16 Key value parser (HO)
Package: kvdefinekeys 2011/04/07 v1.3 Define keys (HO)
Package: pdftexcmds 2011/11/29 v0.20 Utility functions of pdfTeX for LuaTeX (HO
)
Package pdftexcmds Info: LuaTeX not detected.
Package pdftexcmds Info: \pdf@primitive is available.
Package pdftexcmds Info: \pdf@ifprimitive is available.
Package pdftexcmds Info: \pdfdraftmode found.
Package: pdfescape 2011/11/25 v1.13 Implements pdfTeX's escape features (HO)
Package: bigintcalc 2012/04/08 v1.3 Expandable calculations on big integers (HO
)
Package: bitset 2011/01/30 v1.1 Handle bit-vector datatype (HO)
Package: uniquecounter 2011/01/30 v1.2 Provide unlimited unique counter (HO)
)
Package hobsub Info: Skipping package `hobsub' (already loaded).
Package: letltxmacro 2010/09/02 v1.4 Let assignment for LaTeX macros (HO)
Package: hopatch 2011/06/24 v1.1 Wrapper for package hooks (HO)
Package: xcolor-patch 2011/01/30 xcolor patch
Package: atveryend 2011/06/30 v1.8 Hooks at the very end of document (HO)
Package atveryend Info: \enddocument detected (standard20110627).
Package: atbegshi 2011/10/05 v1.16 At begin shipout hook (HO)
Package: refcount 2011/10/16 v3.4 Data extraction from label references (HO)
Package: hycolor 2011/01/30 v1.7 Color options for hyperref/bookmark (HO)
)
("C:\Program Files\MiKTeX 2.9\tex\generic\ifxetex\ifxetex.sty"
Package: ifxetex 2010/09/12 v0.6 Provides ifxetex conditional
)
("C:\Program Files\MiKTeX 2.9\tex\latex\oberdiek\auxhook.sty"
Package: auxhook 2011/03/04 v1.3 Hooks for auxiliary files (HO)
)
("C:\Program Files\MiKTeX 2.9\tex\latex\oberdiek\kvoptions.sty"
Package: kvoptions 2011/06/30 v3.11 Key value format for package options (HO)
)
\@linkdim=\dimen109
\Hy@linkcounter=\count96
\Hy@pagecounter=\count97

("C:\Program Files\MiKTeX 2.9\tex\latex\hyperref\pd1enc.def"
File: pd1enc.def 2012/11/06 v6.83m Hyperref: PDFDocEncoding definition (HO)
)
\Hy@SavedSpaceFactor=\count98

("C:\Program Files\MiKTeX 2.9\tex\latex\00miktex\hyperref.cfg"
File: hyperref.cfg 2002/06/06 v1.2 hyperref configuration of TeXLive
)
Package hyperref Info: Hyper figures OFF on input line 4443.
Package hyperref Info: Link nesting OFF on input line 4448.
Package hyperref Info: Hyper index ON on input line 4451.
Package hyperref Info: Plain pages OFF on input line 4458.
Package hyperref Info: Backreferencing OFF on input line 4463.
Package hyperref Info: Implicit mode ON; LaTeX internals redefined.
Package hyperref Info: Bookmarks ON on input line 4688.
\c@Hy@tempcnt=\count99
LaTeX Info: Redefining \url on input line 5041.
\XeTeXLinkMargin=\dimen110
\Fld@menulength=\count100
\Field@Width=\dimen111
\Fld@charsize=\dimen112
Package hyperref Info: Hyper figures OFF on input line 6295.
Package hyperref Info: Link nesting OFF on input line 6300.
Package hyperref Info: Hyper index ON on input line 6303.
Package hyperref Info: backreferencing OFF on input line 6310.
Package hyperref Info: Link coloring OFF on input line 6315.
Package hyperref Info: Link coloring with OCG OFF on input line 6320.
Package hyperref Info: PDF/A mode OFF on input line 6325.
LaTeX Info: Redefining \ref on input line 6365.
LaTeX Info: Redefining \pageref on input line 6369.
\Hy@abspage=\count101
\c@Item=\count102
\c@Hfootnote=\count103
)

Package hyperref Message: Driver (autodetected): hpdftex.

("C:\Program Files\MiKTeX 2.9\tex\latex\hyperref\hpdftex.def"
File: hpdftex.def 2012/11/06 v6.83m Hyperref driver for pdfTeX
\Fld@listcount=\count104
\c@bookmark@seq@number=\count105

("C:\Program Files\MiKTeX 2.9\tex\latex\oberdiek\rerunfilecheck.sty"
Package: rerunfilecheck 2011/04/15 v1.7 Rerun checks for auxiliary files (HO)
Package uniquecounter Info: New unique counter `rerunfilecheck' on input line 2
82.
)
\Hy@SectionHShift=\skip43
)
("C:\Program Files\MiKTeX 2.9\tex\latex\preprint\fullpage.sty"
Package: fullpage 1999/02/23 1.1 (PWD)
\FP@margin=\skip44
)
("C:\Program Files\MiKTeX 2.9\tex\latex\float\float.sty"
Package: float 2001/11/08 v1.3d Float enhancements (AL)
\c@float@type=\count106
\float@exts=\toks16
\float@box=\box28
\@float@everytoks=\toks17
\@floatcapt=\box29
)
("C:\Program Files\MiKTeX 2.9\tex\latex\fancyref\fancyref.sty"
Package: fancyref 1999/02/03 v0.9c Fancy cross-referencing

("C:\Program Files\MiKTeX 2.9\tex\latex\tools\varioref.sty"
Package: varioref 2011/10/02 v1.4z package for extended references (FMi)
\c@vrcnt=\count107
))
("C:\Program Files\MiKTeX 2.9\tex\latex\moreverb\moreverb.sty"
Package: moreverb 2008/06/03 v2.3a `more' verbatim facilities

("C:\Program Files\MiKTeX 2.9\tex\latex\tools\verbatim.sty"
Package: verbatim 2003/08/22 v1.5q LaTeX2e package for verbatim enhancements
\every@verbatim=\toks18
\verbatim@line=\toks19
\verbatim@in@stream=\read1
)
\tab@position=\count108
\tab@size=\count109
\listing@line=\count110
)
\@float@every@table=\toks20

("C:\Program Files\MiKTeX 2.9\tex\latex\tools\multicol.sty"
Package: multicol 2011/06/27 v1.7a multicolumn formatting (FMi)
\c@tracingmulticols=\count111
\mult@box=\box30
\multicol@leftmargin=\dimen113
\c@unbalance=\count112
\c@collectmore=\count113
\doublecol@number=\count114
\multicoltolerance=\count115
\multicolpretolerance=\count116
\full@width=\dimen114
\page@free=\dimen115
\premulticols=\dimen116
\postmulticols=\dimen117
\multicolsep=\skip45
\multicolbaselineskip=\skip46
\partial@page=\box31
\last@line=\box32
\mult@rightbox=\box33
\mult@grightbox=\box34
\mult@gfirstbox=\box35
\mult@firstbox=\box36
\@tempa=\box37
\@tempa=\box38
\@tempa=\box39
\@tempa=\box40
\@tempa=\box41
\@tempa=\box42
\@tempa=\box43
\@tempa=\box44
\@tempa=\box45
\@tempa=\box46
\@tempa=\box47
\@tempa=\box48
\@tempa=\box49
\@tempa=\box50
\@tempa=\box51
\@tempa=\box52
\@tempa=\box53
\c@columnbadness=\count117
\c@finalcolumnbadness=\count118
\last@try=\dimen118
\multicolovershoot=\dimen119
\multicolundershoot=\dimen120
\mult@nat@firstbox=\box54
\colbreak@box=\box55
\multicol@sort@counter=\count119
)
("C:\Program Files\MiKTeX 2.9\tex\latex\base\fontenc.sty"
Package: fontenc 2005/09/27 v1.99g Standard LaTeX package

("C:\Program Files\MiKTeX 2.9\tex\latex\base\t1enc.def"
File: t1enc.def 2005/09/27 v1.99g Standard LaTeX file
LaTeX Font Info:    Redeclaring font encoding T1 on input line 43.
))
("C:\Program Files\MiKTeX 2.9\tex\latex\caption\subcaption.sty"
Package: subcaption 2013/02/03 v1.1-62 Sub-captions (AR)

("C:\Program Files\MiKTeX 2.9\tex\latex\caption\caption.sty"
Package: caption 2013/05/02 v3.3-89 Customizing captions (AR)

("C:\Program Files\MiKTeX 2.9\tex\latex\caption\caption3.sty"
Package: caption3 2013/05/02 v1.6-88 caption3 kernel (AR)
Package caption3 Info: TeX engine: e-TeX on input line 57.
\captionmargin=\dimen121
\captionmargin@=\dimen122
\captionwidth=\dimen123
\caption@tempdima=\dimen124
\caption@indent=\dimen125
\caption@parindent=\dimen126
\caption@hangindent=\dimen127
)
\c@ContinuedFloat=\count120
Package caption Info: float package is loaded.
Package caption Info: hyperref package is loaded.
Package caption Info: listings package is loaded.
)
\c@subfigure=\count121
\c@subtable=\count122
)
("C:\Users\Sifat\latex\Possible Research Topics\main.aux"

LaTeX Warning: Label `fig:minipage2' multiply defined.


LaTeX Warning: Label `fig:minipage2' multiply defined.

)
LaTeX Font Info:    Checking defaults for OML/cmm/m/it on input line 19.
LaTeX Font Info:    ... okay on input line 19.
LaTeX Font Info:    Checking defaults for T1/cmr/m/n on input line 19.
LaTeX Font Info:    ... okay on input line 19.
LaTeX Font Info:    Checking defaults for OT1/cmr/m/n on input line 19.
LaTeX Font Info:    ... okay on input line 19.
LaTeX Font Info:    Checking defaults for OMS/cmsy/m/n on input line 19.
LaTeX Font Info:    ... okay on input line 19.
LaTeX Font Info:    Checking defaults for OMX/cmex/m/n on input line 19.
LaTeX Font Info:    ... okay on input line 19.
LaTeX Font Info:    Checking defaults for U/cmr/m/n on input line 19.
LaTeX Font Info:    ... okay on input line 19.
LaTeX Font Info:    Checking defaults for PD1/pdf/m/n on input line 19.
LaTeX Font Info:    ... okay on input line 19.
\c@lstlisting=\count123
 ("C:\Program Files\MiKTeX 2.9\tex\context\base\supp-pdf.mkii"
[Loading MPS to PDF converter (version 2006.09.02).]
\scratchcounter=\count124
\scratchdimen=\dimen128
\scratchbox=\box56
\nofMPsegments=\count125
\nofMParguments=\count126
\everyMPshowfont=\toks21
\MPscratchCnt=\count127
\MPscratchDim=\dimen129
\MPnumerator=\count128
\makeMPintoPDFobject=\count129
\everyMPtoPDFconversion=\toks22
)
\AtBeginShipoutBox=\box57
Package hyperref Info: Link coloring OFF on input line 19.
 ("C:\Program Files\MiKTeX 2.9\tex\latex\hyperref\nameref.sty"
Package: nameref 2012/10/27 v2.43 Cross-referencing by name of section

("C:\Program Files\MiKTeX 2.9\tex\generic\oberdiek\gettitlestring.sty"
Package: gettitlestring 2010/12/03 v1.4 Cleanup title references (HO)
)
\c@section@level=\count130
LaTeX Info: Redefining \Ref on input line 513.
)
LaTeX Info: Redefining \ref on input line 19.
LaTeX Info: Redefining \pageref on input line 19.
LaTeX Info: Redefining \nameref on input line 19.

("C:\Users\Sifat\latex\Possible Research Topics\main.out")
("C:\Users\Sifat\latex\Possible Research Topics\main.out")
\@outlinefile=\write3
LaTeX Info: Redefining \Ref on input line 19.
Package caption Info: Begin \AtBeginDocument code.
Package caption Info: End \AtBeginDocument code.
LaTeX Font Info:    External font `cmex10' loaded for size
(Font)              <12> on input line 23.
LaTeX Font Info:    External font `cmex10' loaded for size
(Font)              <8> on input line 23.
LaTeX Font Info:    External font `cmex10' loaded for size
(Font)              <6> on input line 23.

("C:\Users\Sifat\latex\Possible Research Topics\main.toc"
LaTeX Font Info:    External font `cmex10' loaded for size
(Font)              <7> on input line 4.
LaTeX Font Info:    External font `cmex10' loaded for size
(Font)              <5> on input line 4.
 [1

{C:/ProgramData/MiKTeX/2.9/pdftex/config/pdftex.map}])
\tf@toc=\write4
 [2]
LaTeX Font Info:    Try loading font information for OMS+cmr on input line 38.

("C:\Program Files\MiKTeX 2.9\tex\latex\base\omscmr.fd"
File: omscmr.fd 1999/05/25 v2.5h Standard LaTeX font definitions
)
LaTeX Font Info:    Font shape `OMS/cmr/m/n' in size <10> not available
(Font)              Font shape `OMS/cmsy/m/n' tried instead on input line 38.

<images/partyapp.png, id=219, 322.20375pt x 214.8025pt>
File: images/partyapp.png Graphic file (type png)

<use images/partyapp.png>
Package pdftex.def Info: images/partyapp.png used on input line 62.
(pdftex.def)             Requested size: 93.94957pt x 62.63199pt.


Package multicol Warning: Floats and marginpars not allowed inside `multicols' 
environment!.


Package multicol Warning: Floats and marginpars not allowed inside `multicols' 
environment!.

[3

] <images/arena-light.png, id=232, 1028.34187pt x 578.16pt>
File: images/arena-light.png Graphic file (type png)

<use images/arena-light.png>
Package pdftex.def Info: images/arena-light.png used on input line 132.
(pdftex.def)             Requested size: 375.80544pt x 211.2869pt.

<images/arena-flower.png, id=233, 1028.34187pt x 578.16pt>
File: images/arena-flower.png Graphic file (type png)

<use images/arena-flower.png>
Package pdftex.def Info: images/arena-flower.png used on input line 135.
(pdftex.def)             Requested size: 375.80544pt x 211.2869pt.

<images/arena-flower-selection.png, id=234, 1028.34187pt x 578.16pt>
File: images/arena-flower-selection.png Graphic file (type png)

<use images/arena-flower-selection.png>
Package pdftex.def Info: images/arena-flower-selection.png used on input line 1
41.
(pdftex.def)             Requested size: 422.77664pt x 237.69995pt.

<images/arena-flower-selection-1.png, id=235, 1028.34187pt x 578.16pt>
File: images/arena-flower-selection-1.png Graphic file (type png)

<use images/arena-flower-selection-1.png>
Package pdftex.def Info: images/arena-flower-selection-1.png used on input line
 144.
(pdftex.def)             Requested size: 422.77664pt x 237.69995pt.
File: images/arena-flower-selection.png Graphic file (type png)

<use images/arena-flower-selection.png>
Package pdftex.def Info: images/arena-flower-selection.png used on input line 1
50.
(pdftex.def)             Requested size: 422.77664pt x 237.69995pt.
File: images/arena-flower-selection-1.png Graphic file (type png)

<use images/arena-flower-selection-1.png>
Package pdftex.def Info: images/arena-flower-selection-1.png used on input line
 153.
(pdftex.def)             Requested size: 422.77664pt x 237.69995pt.
 [4

] [5]
<images/flexicon.jpg, id=253, 488.82625pt x 287.0725pt>
File: images/flexicon.jpg Graphic file (type jpg)

<use images/flexicon.jpg>
Package pdftex.def Info: images/flexicon.jpg used on input line 240.
(pdftex.def)             Requested size: 281.85587pt x 165.52533pt.

<images/datacable.jpg, id=254, 2682.02pt x 506.89375pt>
File: images/datacable.jpg Graphic file (type jpg)

<use images/datacable.jpg>
Package pdftex.def Info: images/datacable.jpg used on input line 273.
(pdftex.def)             Requested size: 190.24818pt x 35.95026pt.
 <images/signal.jpg, id=255, 2979.13pt x 602.25pt>
File: images/signal.jpg Graphic file (type jpg)

<use images/signal.jpg>
Package pdftex.def Info: images/signal.jpg used on input line 278.
(pdftex.def)             Requested size: 190.24818pt x 38.4584pt.
 [6]
Underfull \hbox (badness 4967) in paragraph at lines 326--326
[]\T1/cmr/m/n/10 perform the step up
 []


Underfull \hbox (badness 10000) in paragraph at lines 327--327
\T1/cmr/m/n/10 configured bright-ness
 []

File: images/signal.jpg Graphic file (type jpg)
<use images/signal.jpg>
Package pdftex.def Info: images/signal.jpg used on input line 332.
(pdftex.def)             Requested size: 190.24818pt x 38.4584pt.

<images/dalicommand.jpg, id=260, 697.60625pt x 331.2375pt>
File: images/dalicommand.jpg Graphic file (type jpg)

<use images/dalicommand.jpg>
Package pdftex.def Info: images/dalicommand.jpg used on input line 341.
(pdftex.def)             Requested size: 190.24818pt x 90.33498pt.
File: images/signal.jpg Graphic file (type jpg)
 <use images/signal.jpg>
Package pdftex.def Info: images/signal.jpg used on input line 346.
(pdftex.def)             Requested size: 190.24818pt x 38.4584pt.


LaTeX Warning: `h' float specifier changed to `ht'.

<images/loadinterfaceinformation.png, id=261, 562.1pt x 442.65375pt>
File: images/loadinterfaceinformation.png Graphic file (type png)

<use images/loadinterfaceinformation.png>
Package pdftex.def Info: images/loadinterfaceinformation.png used on input line
 362.
(pdftex.def)             Requested size: 234.8775pt x 184.96094pt.


LaTeX Warning: `h' float specifier changed to `ht'.

<images/system.png, id=263, 197.44164pt x 111.00671pt>
File: images/system.png Graphic file (type png)
 <use images/system.png>
Package pdftex.def Info: images/system.png used on input line 376.
(pdftex.def)             Requested size: 375.80544pt x 211.29097pt.


LaTeX Warning: `h' float specifier changed to `ht'.

[7]
Underfull \hbox (badness 10000) in paragraph at lines 414--414
[]\T1/cmr/bx/n/10 Control
 []


Underfull \hbox (badness 10000) in paragraph at lines 414--414
[]\T1/cmr/bx/n/10 Control
 []


Underfull \hbox (badness 10000) in paragraph at lines 414--414
[]\T1/cmr/bx/n/10 Control
 []


Overfull \hbox (4.04056pt too wide) in paragraph at lines 414--414
[]\T1/cmr/bx/n/10 Individually
 []


Underfull \hbox (badness 10000) in paragraph at lines 414--414
\T1/cmr/bx/n/10 Ad-dress-
 []


Underfull \hbox (badness 10000) in paragraph at lines 414--414
[]\T1/cmr/bx/n/10 0% while
 []


Underfull \hbox (badness 10000) in paragraph at lines 415--415
[]\T1/cmr/m/n/10 Manchested
 []


Underfull \hbox (badness 10000) in paragraph at lines 416--416
[]\T1/cmr/m/n/10 Manchested
 []


Underfull \hbox (badness 10000) in paragraph at lines 417--417
[]\T1/cmr/m/n/10 1-10V DC
 []

[8] <images/botrytis-mold.jpg, id=274, 401.5pt x 272.01625pt>
File: images/botrytis-mold.jpg Graphic file (type jpg)

<use images/botrytis-mold.jpg>
Package pdftex.def Info: images/botrytis-mold.jpg used on input line 449.
(pdftex.def)             Requested size: 169.1113pt x 114.57394pt.

<images/botrytis-ghost.jpg, id=275, 361.35pt x 308.65312pt>
File: images/botrytis-ghost.jpg Graphic file (type jpg)

<use images/botrytis-ghost.jpg>
Package pdftex.def Info: images/botrytis-ghost.jpg used on input line 454.
(pdftex.def)             Requested size: 169.1113pt x 144.45001pt.
 [9] [10 <C:/Users/Sifat/latex/Possible Research Topics/images/arena-light.png>
 <C:/Users/Sifat/latex/Possible Research Topics/images/arena-flower.png>] [11 <
C:/Users/Sifat/latex/Possible Research Topics/images/arena-flower-selection.png
> <C:/Users/Sifat/latex/Possible Research Topics/images/arena-flower-selection-
1.png>] [12] [13 <C:/Users/Sifat/latex/Possible Research Topics/images/flexicon
.jpg> <C:/Users/Sifat/latex/Possible Research Topics/images/datacable.jpg> <C:/
Users/Sifat/latex/Possible Research Topics/images/signal.jpg> <C:/Users/Sifat/l
atex/Possible Research Topics/images/dalicommand.jpg>] [14 <C:/Users/Sifat/late
x/Possible Research Topics/images/loadinterfaceinformation.png> <C:/Users/Sifat
/latex/Possible Research Topics/images/system.png>] [15 <C:/Users/Sifat/latex/P
ossible Research Topics/images/botrytis-mold.jpg> <C:/Users/Sifat/latex/Possibl
e Research Topics/images/botrytis-ghost.jpg>]
<images/PowerManagement.jpg, id=317, 1371.1225pt x 770.88pt>
File: images/PowerManagement.jpg Graphic file (type jpg)

<use images/PowerManagement.jpg>
Package pdftex.def Info: images/PowerManagement.jpg used on input line 471.
(pdftex.def)             Requested size: 281.85587pt x 158.46664pt.

<images/PowerManagementSensor.jpg, id=318, 1371.1225pt x 770.88pt>
File: images/PowerManagementSensor.jpg Graphic file (type jpg)

<use images/PowerManagementSensor.jpg>
Package pdftex.def Info: images/PowerManagementSensor.jpg used on input line 47
7.
(pdftex.def)             Requested size: 281.85587pt x 158.46664pt.

<images/PowerManagementCurrentSensor.jpg, id=319, 1371.1225pt x 770.88pt>
File: images/PowerManagementCurrentSensor.jpg Graphic file (type jpg)

<use images/PowerManagementCurrentSensor.jpg>
Package pdftex.def Info: images/PowerManagementCurrentSensor.jpg used on input 
line 484.
(pdftex.def)             Requested size: 281.85587pt x 158.46664pt.


LaTeX Warning: `h' float specifier changed to `ht'.

[16

 <C:/Users/Sifat/latex/Possible Research Topics/images/PowerManagement.jpg> <C:
/Users/Sifat/latex/Possible Research Topics/images/PowerManagementSensor.jpg>] 
[17 <C:/Users/Sifat/latex/Possible Research Topics/images/PowerManagementCurren
tSensor.jpg>]
LaTeX Font Info:    Try loading font information for T1+cmtt on input line 516.

 ("C:\Program Files\MiKTeX 2.9\tex\latex\base\t1cmtt.fd"
File: t1cmtt.fd 1999/05/25 v2.5h Standard LaTeX font definitions
)
Underfull \hbox (badness 3158) in paragraph at lines 518--519
[]\T1/cmr/m/it/10 Concrete top-ics for PhD re-search \T1/cmr/m/n/10 Ruzanna Chi
tchyan. Avail-able: []$\T1/cmtt/m/n/10 http : / / www2 . le . ac . uk /$
 []


Underfull \hbox (badness 1997) in paragraph at lines 524--525
[]\T1/cmr/m/it/10 Introduction to DALI \T1/cmr/m/n/10 Philips. Avail-able: []$\
T1/cmtt/m/n/10 http : / / www . dte . us . es / docencia / etsii / itis / emc /
$
 []

Package atveryend Info: Empty hook `BeforeClearDocument' on input line 535.
[18

]
Package atveryend Info: Empty hook `AfterLastShipout' on input line 535.
 ("C:\Users\Sifat\latex\Possible Research Topics\main.aux")
Package atveryend Info: Executing hook `AtVeryEndDocument' on input line 535.
Package atveryend Info: Executing hook `AtEndAfterFileList' on input line 535.
Package rerunfilecheck Info: File `main.out' has not changed.
(rerunfilecheck)             Checksum: 7B832287DFA03CE7715DFC3C7E0431CE;2771.


LaTeX Warning: There were multiply-defined labels.

Package atveryend Info: Empty hook `AtVeryVeryEnd' on input line 535.
 ) 
Here is how much of TeX's memory you used:
 8105 strings out of 493921
 123678 string characters out of 3147282
 216901 words of memory out of 3000000
 11220 multiletter control sequences out of 15000+200000
 15775 words of font info for 36 fonts, out of 3000000 for 9000
 841 hyphenation exceptions out of 8191
 42i,11n,40p,697b,442s stack positions out of 5000i,500n,10000p,200000b,50000s
 <C:\Users\Sifat\AppData\Local\MiKTeX\2.9\fonts\pk\ljfour\jknappen\ec\dpi600\
ectt1000.pk> <C:\Users\Sifat\AppData\Local\MiKTeX\2.9\fonts\pk\ljfour\jknappen\
ec\dpi600\ecrm0700.pk> <C:\Users\Sifat\AppData\Local\MiKTeX\2.9\fonts\pk\ljfour
\jknappen\ec\dpi600\ecti1000.pk> <C:\Users\Sifat\AppData\Local\MiKTeX\2.9\fonts
\pk\ljfour\jknappen\ec\dpi600\ecbx1200.pk> <C:\Users\Sifat\AppData\Local\MiKTeX
\2.9\fonts\pk\ljfour\jknappen\ec\dpi600\ecbi1000.pk> <C:\Users\Sifat\AppData\Lo
cal\MiKTeX\2.9\fonts\pk\ljfour\jknappen\ec\dpi600\ecrm0900.pk> <C:\Users\Sifat\
AppData\Local\MiKTeX\2.9\fonts\pk\ljfour\jknappen\ec\dpi600\ecbx0900.pk> <C:\Us
ers\Sifat\AppData\Local\MiKTeX\2.9\fonts\pk\ljfour\jknappen\ec\dpi600\ecrm1000.
pk> <C:\Users\Sifat\AppData\Local\MiKTeX\2.9\fonts\pk\ljfour\jknappen\ec\dpi600
\ecbx1000.pk> <C:\Users\Sifat\AppData\Local\MiKTeX\2.9\fonts\pk\ljfour\jknappen
\ec\dpi600\ecbx1440.pk> <C:\Users\Sifat\AppData\Local\MiKTeX\2.9\fonts\pk\ljfou
r\jknappen\ec\dpi600\ecrm1200.pk> <C:\Users\Sifat\AppData\Local\MiKTeX\2.9\font
s\pk\ljfour\jknappen\ec\dpi600\ecrm1728.pk><C:/Program Files/MiKTeX 2.9/fonts/t
ype1/public/amsfonts/cm/cmsy10.pfb>
Output written on main.pdf (18 pages, 7788051 bytes).
PDF statistics:
 846 PDF objects out of 1000 (max. 8388607)
 86 named destinations out of 1000 (max. 500000)
 401 words of extra memory for PDF output out of 10000 (max. 10000000)

